<?xml version="1.0" encoding="UTF-8"?>
<testsuite name="com.phonebook.tests.CreateAccountTests" tests="1" skipped="0" failures="0" errors="0" timestamp="2024-01-23T20:23:30" hostname="NADJA-REMO" time="1.629">
  <properties/>
  <testcase name="registerExistedUserNegativeTest" classname="com.phonebook.tests.CreateAccountTests" time="1.629"/>
  <system-out><![CDATA[]]></system-out>
  <system-err><![CDATA[]]></system-err>
</testsuite>
